#
# There is insufficient memory for the Java Runtime Environment to continue.
# Native memory allocation (malloc) failed to allocate 1048576 bytes for AllocateHeap
# Possible reasons:
#   The system is out of physical RAM or swap space
#   The process is running with CompressedOops enabled, and the Java Heap may be blocking the growth of the native heap
# Possible solutions:
#   Reduce memory load on the system
#   Increase physical memory or swap space
#   Check if swap backing store is full
#   Decrease Java heap size (-Xmx/-Xms)
#   Decrease number of Java threads
#   Decrease Java thread stack sizes (-Xss)
#   Set larger code cache with -XX:ReservedCodeCacheSize=
#   JVM is running with Unscaled Compressed Oops mode in which the Java heap is
#     placed in the first 4GB address space. The Java Heap base address is the
#     maximum limit for the native heap growth. Please use -XX:HeapBaseMinAddress
#     to set the Java Heap base and to place the Java Heap above 4GB virtual address.
# This output file may be truncated or incomplete.
#
#  Out of Memory Error (allocation.cpp:44), pid=33624, tid=22436
#
# JRE version:  (17.0.7+7) (build )
# Java VM: OpenJDK 64-Bit Server VM (17.0.7+7, mixed mode, sharing, tiered, compressed oops, compressed class ptrs, g1 gc, windows-amd64)
# No core dump will be written. Minidumps are not enabled by default on client versions of Windows
#

---------------  S U M M A R Y ------------

Command Line: -Dfile.encoding=UTF-8 --module-path=D:\Curso de Java\Exercicio_construtores\bin -XX:+ShowCodeDetailsInExceptionMessages -Djdk.module.main=Exercicio_construtores Exercicio_construtores/principal_ag_bancaria.Abertura_conta

Host: Intel(R) Core(TM) i7-10510U CPU @ 1.80GHz, 8 cores, 15G,  Windows 10 , 64 bit Build 19041 (10.0.19041.2913)
Time: Wed Jul 12 17:48:30 2023 Hora oficial do Brasil elapsed time: 0.090228 seconds (0d 0h 0m 0s)

---------------  T H R E A D  ---------------

Current thread (0x0000017c60ec4cc0):  JavaThread "Unknown thread" [_thread_in_vm, id=22436, stack(0x0000005be2200000,0x0000005be2300000)]

Stack: [0x0000005be2200000,0x0000005be2300000]
Native frames: (J=compiled Java code, j=interpreted, Vv=VM code, C=native code)
V  [jvm.dll+0x67754a]
V  [jvm.dll+0x834304]
V  [jvm.dll+0x835aae]
V  [jvm.dll+0x836113]
V  [jvm.dll+0x24696f]
V  [jvm.dll+0xa681f]
V  [jvm.dll+0x2d8bd4]
V  [jvm.dll+0x80669c]
V  [jvm.dll+0x36ac91]
V  [jvm.dll+0x7e5cec]
V  [jvm.dll+0x3ed56f]
V  [jvm.dll+0x3ef0a1]
C  [jli.dll+0x528b]
C  [ucrtbase.dll+0x21bb2]
C  [KERNEL32.DLL+0x17614]
C  [ntdll.dll+0x526a1]


---------------  P R O C E S S  ---------------

Threads class SMR info:
_java_thread_list=0x00007ffc5c2e7018, length=0, elements={
}

Java Threads: ( => current thread )

Other Threads:

=>0x0000017c60ec4cc0 (exited) JavaThread "Unknown thread" [_thread_in_vm, id=22436, stack(0x0000005be2200000,0x0000005be2300000)]

Threads with active compile tasks:

VM state: not at safepoint (not fully initialized)

VM Mutex/Monitor currently owned by a thread: None

Heap address: 0x0000000000000000, size: 0 MB, Compressed Oops mode: 32-bit

CDS archive(s) mapped at: [0x0000000000000000-0x0000000000000000-0x0000000000000000), size 0, SharedBaseAddress: 0x0000000800000000, ArchiveRelocationMode: 0.
Narrow klass base: 0x0000000000000000, Narrow klass shift: 0, Narrow klass range: 0x0

GC Precious Log:
<Empty>

GC Heap History (0 events):
No events

Dll operation events (1 events):
Event: 0.086 Loaded shared library C:\Users\c.slima\.p2\pool\plugins\org.eclipse.justj.openjdk.hotspot.jre.full.win32.x86_64_17.0.7.v20230425-1502\jre\bin\java.dll

Deoptimization events (0 events):
No events

Classes unloaded (0 events):
No events

Classes redefined (0 events):
No events

Internal exceptions (0 events):
No events

VM Operations (0 events):
No events

Events (0 events):
No events


Dynamic libraries:
0x00007ff6ffcd0000 - 0x00007ff6ffcde000 	C:\Users\c.slima\.p2\pool\plugins\org.eclipse.justj.openjdk.hotspot.jre.full.win32.x86_64_17.0.7.v20230425-1502\jre\bin\javaw.exe
0x00007ffcea830000 - 0x00007ffceaa28000 	C:\WINDOWS\SYSTEM32\ntdll.dll
0x00007ffce9e70000 - 0x00007ffce9f2f000 	C:\WINDOWS\System32\KERNEL32.DLL
0x00007ffce8210000 - 0x00007ffce8506000 	C:\WINDOWS\System32\KERNELBASE.dll
0x00007ffce8580000 - 0x00007ffce8680000 	C:\WINDOWS\System32\ucrtbase.dll
0x00007ffce5260000 - 0x00007ffce5277000 	C:\Users\c.slima\.p2\pool\plugins\org.eclipse.justj.openjdk.hotspot.jre.full.win32.x86_64_17.0.7.v20230425-1502\jre\bin\jli.dll
0x00007ffce98c0000 - 0x00007ffce9a5d000 	C:\WINDOWS\System32\USER32.dll
0x00007ffce81e0000 - 0x00007ffce8202000 	C:\WINDOWS\System32\win32u.dll
0x00007ffce9130000 - 0x00007ffce915c000 	C:\WINDOWS\System32\GDI32.dll
0x00007ffce8720000 - 0x00007ffce8835000 	C:\WINDOWS\System32\gdi32full.dll
0x00007ffce8680000 - 0x00007ffce871d000 	C:\WINDOWS\System32\msvcp_win.dll
0x00007ffcd97d0000 - 0x00007ffcd97e9000 	C:\Users\c.slima\.p2\pool\plugins\org.eclipse.justj.openjdk.hotspot.jre.full.win32.x86_64_17.0.7.v20230425-1502\jre\bin\VCRUNTIME140.dll
0x00007ffcd92f0000 - 0x00007ffcd958a000 	C:\WINDOWS\WinSxS\amd64_microsoft.windows.common-controls_6595b64144ccf1df_6.0.19041.1110_none_60b5254171f9507e\COMCTL32.dll
0x00007ffce8c20000 - 0x00007ffce8cbe000 	C:\WINDOWS\System32\msvcrt.dll
0x00007ffce8b20000 - 0x00007ffce8b50000 	C:\WINDOWS\System32\IMM32.DLL
0x00007ffcb7540000 - 0x00007ffcb761a000 	C:\Windows\incops3\ESDCNL64.dll
0x00007ffce89c0000 - 0x00007ffce8a6f000 	C:\WINDOWS\System32\ADVAPI32.dll
0x00007ffce9dd0000 - 0x00007ffce9e6c000 	C:\WINDOWS\System32\sechost.dll
0x00007ffce8890000 - 0x00007ffce89b6000 	C:\WINDOWS\System32\RPCRT4.dll
0x00007ffce70a0000 - 0x00007ffce70d3000 	C:\WINDOWS\SYSTEM32\ntmarta.dll
0x00007ffcd19b0000 - 0x00007ffcd1a92000 	C:\Windows\incops3\ESATM64.dll
0x0000017c5f0d0000 - 0x0000017c5f814000 	C:\WINDOWS\System32\SHELL32.dll
0x00007ffce93c0000 - 0x00007ffce94ea000 	C:\WINDOWS\System32\ole32.dll
0x00007ffce9a70000 - 0x00007ffce9dc4000 	C:\WINDOWS\System32\combase.dll
0x00007ffcd18a0000 - 0x00007ffcd19a2000 	C:\Windows\incops3\ESSCNL64.dll
0x00007ffcb50a0000 - 0x00007ffcb5391000 	C:\Windows\pcdrm\NSCCOR0364.DLL
0x0000017c5fbc0000 - 0x0000017c5fc27000 	C:\WINDOWS\System32\WINTRUST.dll
0x00007ffce8080000 - 0x00007ffce81de000 	C:\WINDOWS\System32\CRYPT32.dll
0x00007ffce7b00000 - 0x00007ffce7b12000 	C:\WINDOWS\SYSTEM32\MSASN1.dll
0x00007ffce9f30000 - 0x00007ffce9f38000 	C:\WINDOWS\System32\psapi.dll
0x00007ffcb6780000 - 0x00007ffcb67b5000 	C:\WINDOWS\pcdrm\NBID64.dll
0x00007ffce9500000 - 0x00007ffce95cd000 	C:\WINDOWS\System32\OLEAUT32.dll
0x00007ffcb6740000 - 0x00007ffcb677a000 	C:\WINDOWS\pcdrm\NFD0164.dll
0x00007ffcda140000 - 0x00007ffcda14a000 	C:\WINDOWS\SYSTEM32\VERSION.dll
0x00007ffccf780000 - 0x00007ffccf9ce000 	C:\Windows\pcdrm\NSCFA64.DLL
0x00007ffce9780000 - 0x00007ffce97d5000 	C:\WINDOWS\System32\SHLWAPI.dll
0x00007ffccd2e0000 - 0x00007ffccd2e9000 	C:\WINDOWS\SYSTEM32\WSOCK32.dll
0x00007ffce8b50000 - 0x00007ffce8bbb000 	C:\WINDOWS\System32\WS2_32.dll
0x00007ffce5ec0000 - 0x00007ffce6653000 	C:\WINDOWS\SYSTEM32\windows.storage.dll
0x00007ffce7970000 - 0x00007ffce799e000 	C:\WINDOWS\SYSTEM32\Wldp.dll
0x00007ffcea740000 - 0x00007ffcea7ed000 	C:\WINDOWS\System32\SHCORE.dll
0x00007ffcbaa40000 - 0x00007ffcbaa6b000 	C:\WINDOWS\pcdrm\NSCPE64.dll
0x00007ffce4180000 - 0x00007ffce4191000 	C:\WINDOWS\pcdrm\NFD0264.dll
0x0000000070230000 - 0x0000000070302000 	C:\WINDOWS\SYSTEM32\MSVCR100.dll
0x00007ffce4cf0000 - 0x00007ffce4d21000 	C:\PaperSecu\SPCOREHK64.dll
0x00007ffce41f0000 - 0x00007ffce427a000 	C:\PAPERSECU\PAPERHK64.DLL
0x00007ffce52e0000 - 0x00007ffce52ec000 	C:\Users\c.slima\.p2\pool\plugins\org.eclipse.justj.openjdk.hotspot.jre.full.win32.x86_64_17.0.7.v20230425-1502\jre\bin\vcruntime140_1.dll
0x00007ffc629c0000 - 0x00007ffc62a51000 	C:\Users\c.slima\.p2\pool\plugins\org.eclipse.justj.openjdk.hotspot.jre.full.win32.x86_64_17.0.7.v20230425-1502\jre\bin\msvcp140.dll
0x00007ffc5b7d0000 - 0x00007ffc5c418000 	C:\Users\c.slima\.p2\pool\plugins\org.eclipse.justj.openjdk.hotspot.jre.full.win32.x86_64_17.0.7.v20230425-1502\jre\bin\server\jvm.dll
0x00007ffccf700000 - 0x00007ffccf727000 	C:\WINDOWS\SYSTEM32\WINMM.dll
0x00007ffce5cc0000 - 0x00007ffce5cd2000 	C:\WINDOWS\SYSTEM32\kernel.appcore.dll
0x00007ffcdc7f0000 - 0x00007ffcdc7fa000 	C:\Users\c.slima\.p2\pool\plugins\org.eclipse.justj.openjdk.hotspot.jre.full.win32.x86_64_17.0.7.v20230425-1502\jre\bin\jimage.dll
0x00007ffce5510000 - 0x00007ffce56f4000 	C:\WINDOWS\SYSTEM32\DBGHELP.DLL
0x00007ffcc8c70000 - 0x00007ffcc8ca4000 	C:\WINDOWS\SYSTEM32\dbgcore.DLL
0x00007ffce7f10000 - 0x00007ffce7f92000 	C:\WINDOWS\System32\bcryptPrimitives.dll
0x00007ffce7e50000 - 0x00007ffce7e6f000 	C:\WINDOWS\SYSTEM32\profapi.dll
0x00007ffca1710000 - 0x00007ffca1735000 	C:\Users\c.slima\.p2\pool\plugins\org.eclipse.justj.openjdk.hotspot.jre.full.win32.x86_64_17.0.7.v20230425-1502\jre\bin\java.dll

dbghelp: loaded successfully - version: 4.0.5 - missing functions: none
symbol engine: initialized successfully - sym options: 0x614 - pdb path: .;C:\Users\c.slima\.p2\pool\plugins\org.eclipse.justj.openjdk.hotspot.jre.full.win32.x86_64_17.0.7.v20230425-1502\jre\bin;C:\WINDOWS\SYSTEM32;C:\WINDOWS\WinSxS\amd64_microsoft.windows.common-controls_6595b64144ccf1df_6.0.19041.1110_none_60b5254171f9507e;C:\Windows\incops3;C:\Windows\pcdrm;C:\PaperSecu;C:\Users\c.slima\.p2\pool\plugins\org.eclipse.justj.openjdk.hotspot.jre.full.win32.x86_64_17.0.7.v20230425-1502\jre\bin\server

VM Arguments:
jvm_args: -Dfile.encoding=UTF-8 --module-path=D:\Curso de Java\Exercicio_construtores\bin -XX:+ShowCodeDetailsInExceptionMessages -Djdk.module.main=Exercicio_construtores 
java_command: Exercicio_construtores/principal_ag_bancaria.Abertura_conta
java_class_path (initial): .
Launcher Type: SUN_STANDARD

[Global flags]
     intx CICompilerCount                          = 4                                         {product} {ergonomic}
     uint ConcGCThreads                            = 2                                         {product} {ergonomic}
     uint G1ConcRefinementThreads                  = 8                                         {product} {ergonomic}
   size_t G1HeapRegionSize                         = 2097152                                   {product} {ergonomic}
    uintx GCDrainStackTargetSize                   = 64                                        {product} {ergonomic}
   size_t InitialHeapSize                          = 266338304                                 {product} {ergonomic}
   size_t MarkStackSize                            = 4194304                                   {product} {ergonomic}
   size_t MaxHeapSize                              = 4246732800                                {product} {ergonomic}
   size_t MinHeapDeltaBytes                        = 2097152                                   {product} {ergonomic}
   size_t MinHeapSize                              = 8388608                                   {product} {ergonomic}
    uintx NonNMethodCodeHeapSize                   = 5839372                                {pd product} {ergonomic}
    uintx NonProfiledCodeHeapSize                  = 122909434                              {pd product} {ergonomic}
    uintx ProfiledCodeHeapSize                     = 122909434                              {pd product} {ergonomic}
    uintx ReservedCodeCacheSize                    = 251658240                              {pd product} {ergonomic}
     bool SegmentedCodeCache                       = true                                      {product} {ergonomic}
     bool ShowCodeDetailsInExceptionMessages       = true                                   {manageable} {command line}
   size_t SoftMaxHeapSize                          = 4246732800                             {manageable} {ergonomic}
     bool UseCompressedClassPointers               = true                           {product lp64_product} {ergonomic}
     bool UseCompressedOops                        = true                           {product lp64_product} {ergonomic}
     bool UseG1GC                                  = true                                      {product} {ergonomic}
     bool UseLargePagesIndividualAllocation        = false                                  {pd product} {ergonomic}

Logging:
Log output configuration:
 #0: stdout all=warning uptime,level,tags
 #1: stderr all=off uptime,level,tags

Environment Variables:
JAVA_HOME=C:\Program Files\Java\jdk1.8.0_202
CLASSPATH=.
PATH=C:/Users/c.slima/.p2/pool/plugins/org.eclipse.justj.openjdk.hotspot.jre.full.win32.x86_64_17.0.7.v20230425-1502/jre/bin/server;C:/Users/c.slima/.p2/pool/plugins/org.eclipse.justj.openjdk.hotspot.jre.full.win32.x86_64_17.0.7.v20230425-1502/jre/bin;D:\app\client\c.slima\product\12.2.0\client_1;D:\app\client\c.slima\product\12.2.0\client_1\bin;C:\Program Files (x86)\Common Files\Oracle\Java\javapath;C:\Windows\system32;C:\Windows;C:\Windows\System32\Wbem;C:\Windows\System32\WindowsPowerShell\v1.0\;C:\Windows\System32\OpenSSH\;C:\Program Files (x86)\NVIDIA Corporation\PhysX\Common;C:\Program Files\NVIDIA Corporation\NVIDIA NvDLISR;C:\WINDOWS\system32;C:\WINDOWS;C:\WINDOWS\System32\Wbem;C:\WINDOWS\System32\WindowsPowerShell\v1.0\;C:\WINDOWS\System32\OpenSSH\;C:\Program Files\Java\jdk1.8.0_202\bin;C:\Program Files\TortoiseSVN\bin;C:\Users\c.slima\AppData\Local\Microsoft\WindowsApps;D:\DevTolls\apache-maven-3.8.3\bin;C:\Users\c.slima\AppData\Local\GitHubDesktop\bin;C:\WINDOWS\System32;
USERNAME=c.slima
OS=Windows_NT
PROCESSOR_IDENTIFIER=Intel64 Family 6 Model 142 Stepping 12, GenuineIntel
TMP=C:\Users\CA64C~1.SLI\AppData\Local\Temp
TEMP=C:\Users\CA64C~1.SLI\AppData\Local\Temp



---------------  S Y S T E M  ---------------

OS:
 Windows 10 , 64 bit Build 19041 (10.0.19041.2913)
OS uptime: 14 days 20:24 hours

CPU: total 8 (initial active 8) (4 cores per cpu, 2 threads per core) family 6 model 142 stepping 12 microcode 0xca, cx8, cmov, fxsr, ht, mmx, 3dnowpref, sse, sse2, sse3, ssse3, sse4.1, sse4.2, popcnt, lzcnt, tsc, tscinvbit, avx, avx2, aes, erms, clmul, bmi1, bmi2, adx, fma, vzeroupper, clflush, clflushopt

Memory: 4k page, system-wide physical 16197M (7039M free)
TotalPageFile size 25204M (AvailPageFile size 5M)
current process WorkingSet (physical memory assigned to process): 27M, peak: 27M
current process commit charge ("private bytes"): 26M, peak: 27M

vm_info: OpenJDK 64-Bit Server VM (17.0.7+7) for windows-amd64 JRE (17.0.7+7), built on Apr 18 2023 22:10:42 by "temurin" with MS VC++ 16.7 (VS2019)

END.
